This is pdfTeX, Version 3.14159265-2.6-1.40.16 (TeX Live 2015/Debian) (preloaded format=pdflatex 2015.11.8)  14 APR 2016 17:58
entering extended mode
 restricted \write18 enabled.
 %&-line parsing enabled.
**laporan.tex
(./laporan.tex
LaTeX2e <2015/01/01>
Babel <3.9l> and hyphenation patterns for 2 languages loaded.
(/usr/share/texlive/texmf-dist/tex/latex/base/report.cls
Document Class: report 2014/09/29 v1.4h Standard LaTeX document class
(/usr/share/texlive/texmf-dist/tex/latex/base/size12.clo
File: size12.clo 2014/09/29 v1.4h Standard LaTeX file (size option)
)
\c@part=\count79
\c@chapter=\count80
\c@section=\count81
\c@subsection=\count82
\c@subsubsection=\count83
\c@paragraph=\count84
\c@subparagraph=\count85
\c@figure=\count86
\c@table=\count87
\abovecaptionskip=\skip41
\belowcaptionskip=\skip42
\bibindent=\dimen102
) (./uithesis.sty
(/usr/share/texlive/texmf-dist/tex/latex/tocbibind/tocbibind.sty
Package: tocbibind 2010/10/13 v1.5k extra ToC listings
Package tocbibind Info: The document has chapter divisions on input line 50.


Package tocbibind Note: Using chapter style headings, unless overridden.

) (/usr/share/texlive/texmf-dist/tex/latex/hyperref/hyperref.sty
Package: hyperref 2012/11/06 v6.83m Hypertext links for LaTeX

(/usr/share/texlive/texmf-dist/tex/generic/oberdiek/hobsub-hyperref.sty
Package: hobsub-hyperref 2012/05/28 v1.13 Bundle oberdiek, subset hyperref (HO)


(/usr/share/texlive/texmf-dist/tex/generic/oberdiek/hobsub-generic.sty
Package: hobsub-generic 2012/05/28 v1.13 Bundle oberdiek, subset generic (HO)
Package: hobsub 2012/05/28 v1.13 Construct package bundles (HO)
Package: infwarerr 2010/04/08 v1.3 Providing info/warning/error messages (HO)
Package: ltxcmds 2011/11/09 v1.22 LaTeX kernel commands for general use (HO)
Package: ifluatex 2010/03/01 v1.3 Provides the ifluatex switch (HO)
Package ifluatex Info: LuaTeX not detected.
Package: ifvtex 2010/03/01 v1.5 Detect VTeX and its facilities (HO)
Package ifvtex Info: VTeX not detected.
Package: intcalc 2007/09/27 v1.1 Expandable calculations with integers (HO)
Package: ifpdf 2011/01/30 v2.3 Provides the ifpdf switch (HO)
Package ifpdf Info: pdfTeX in PDF mode is detected.
Package: etexcmds 2011/02/16 v1.5 Avoid name clashes with e-TeX commands (HO)
Package etexcmds Info: Could not find \expanded.
(etexcmds)             That can mean that you are not using pdfTeX 1.50 or
(etexcmds)             that some package has redefined \expanded.
(etexcmds)             In the latter case, load this package earlier.
Package: kvsetkeys 2012/04/25 v1.16 Key value parser (HO)
Package: kvdefinekeys 2011/04/07 v1.3 Define keys (HO)
Package: pdftexcmds 2011/11/29 v0.20 Utility functions of pdfTeX for LuaTeX (HO
)
Package pdftexcmds Info: LuaTeX not detected.
Package pdftexcmds Info: \pdf@primitive is available.
Package pdftexcmds Info: \pdf@ifprimitive is available.
Package pdftexcmds Info: \pdfdraftmode found.
Package: pdfescape 2011/11/25 v1.13 Implements pdfTeX's escape features (HO)
Package: bigintcalc 2012/04/08 v1.3 Expandable calculations on big integers (HO
)
Package: bitset 2011/01/30 v1.1 Handle bit-vector datatype (HO)
Package: uniquecounter 2011/01/30 v1.2 Provide unlimited unique counter (HO)
)
Package hobsub Info: Skipping package `hobsub' (already loaded).
Package: letltxmacro 2010/09/02 v1.4 Let assignment for LaTeX macros (HO)
Package: hopatch 2012/05/28 v1.2 Wrapper for package hooks (HO)
Package: xcolor-patch 2011/01/30 xcolor patch
Package: atveryend 2011/06/30 v1.8 Hooks at the very end of document (HO)
Package atveryend Info: \enddocument detected (standard20110627).
Package: atbegshi 2011/10/05 v1.16 At begin shipout hook (HO)
Package: refcount 2011/10/16 v3.4 Data extraction from label references (HO)
Package: hycolor 2011/01/30 v1.7 Color options for hyperref/bookmark (HO)
)
(/usr/share/texlive/texmf-dist/tex/latex/graphics/keyval.sty
Package: keyval 2014/10/28 v1.15 key=value parser (DPC)
\KV@toks@=\toks14
)
(/usr/share/texlive/texmf-dist/tex/generic/ifxetex/ifxetex.sty
Package: ifxetex 2010/09/12 v0.6 Provides ifxetex conditional
)
(/usr/share/texlive/texmf-dist/tex/latex/oberdiek/auxhook.sty
Package: auxhook 2011/03/04 v1.3 Hooks for auxiliary files (HO)
)
(/usr/share/texlive/texmf-dist/tex/latex/oberdiek/kvoptions.sty
Package: kvoptions 2011/06/30 v3.11 Key value format for package options (HO)
)
\@linkdim=\dimen103
\Hy@linkcounter=\count88
\Hy@pagecounter=\count89

(/usr/share/texlive/texmf-dist/tex/latex/hyperref/pd1enc.def
File: pd1enc.def 2012/11/06 v6.83m Hyperref: PDFDocEncoding definition (HO)
)
\Hy@SavedSpaceFactor=\count90

(/usr/share/texlive/texmf-dist/tex/latex/latexconfig/hyperref.cfg
File: hyperref.cfg 2002/06/06 v1.2 hyperref configuration of TeXLive
)
Package hyperref Info: Option `final' set `true' on input line 4319.
Package hyperref Info: Hyper figures OFF on input line 4443.
Package hyperref Info: Link nesting OFF on input line 4448.
Package hyperref Info: Hyper index ON on input line 4451.
Package hyperref Info: Plain pages OFF on input line 4458.
Package hyperref Info: Backreferencing OFF on input line 4463.
Package hyperref Info: Implicit mode ON; LaTeX internals redefined.
Package hyperref Info: Bookmarks ON on input line 4688.
\c@Hy@tempcnt=\count91

(/usr/share/texlive/texmf-dist/tex/latex/url/url.sty
\Urlmuskip=\muskip10
Package: url 2013/09/16  ver 3.4  Verb mode for urls, etc.
)
LaTeX Info: Redefining \url on input line 5041.
\XeTeXLinkMargin=\dimen104
\Fld@menulength=\count92
\Field@Width=\dimen105
\Fld@charsize=\dimen106
Package hyperref Info: Hyper figures OFF on input line 6295.
Package hyperref Info: Link nesting OFF on input line 6300.
Package hyperref Info: Hyper index ON on input line 6303.
Package hyperref Info: backreferencing OFF on input line 6310.
Package hyperref Info: Link coloring OFF on input line 6315.
Package hyperref Info: Link coloring with OCG OFF on input line 6320.
Package hyperref Info: PDF/A mode OFF on input line 6325.
LaTeX Info: Redefining \ref on input line 6365.
LaTeX Info: Redefining \pageref on input line 6369.
\Hy@abspage=\count93
\c@Item=\count94
\c@Hfootnote=\count95
)

Package hyperref Message: Driver (autodetected): hpdftex.

(/usr/share/texlive/texmf-dist/tex/latex/hyperref/hpdftex.def
File: hpdftex.def 2012/11/06 v6.83m Hyperref driver for pdfTeX
\Fld@listcount=\count96
\c@bookmark@seq@number=\count97

(/usr/share/texlive/texmf-dist/tex/latex/oberdiek/rerunfilecheck.sty
Package: rerunfilecheck 2011/04/15 v1.7 Rerun checks for auxiliary files (HO)
Package uniquecounter Info: New unique counter `rerunfilecheck' on input line 2
82.
)
\Hy@SectionHShift=\skip43
)

Package hyperref Warning: Option `a4paper' is no longer used.

Package hyperref Info: Option `colorlinks' set `false' on input line 57.
Package hyperref Info: Option `bookmarksopen' set `false' on input line 57.
Package hyperref Info: Option `bookmarksnumbered' set `true' on input line 57.
(/usr/share/texlive/texmf-dist/tex/latex/multirow/multirow.sty
\bigstrutjot=\dimen107
)
(/usr/share/texlive/texmf-dist/tex/latex/graphics/graphicx.sty
Package: graphicx 2014/10/28 v1.0g Enhanced LaTeX Graphics (DPC,SPQR)

(/usr/share/texlive/texmf-dist/tex/latex/graphics/graphics.sty
Package: graphics 2014/10/28 v1.0p Standard LaTeX Graphics (DPC,SPQR)

(/usr/share/texlive/texmf-dist/tex/latex/graphics/trig.sty
Package: trig 1999/03/16 v1.09 sin cos tan (DPC)
)
(/usr/share/texlive/texmf-dist/tex/latex/latexconfig/graphics.cfg
File: graphics.cfg 2010/04/23 v1.9 graphics configuration of TeX Live
)
Package graphics Info: Driver file: pdftex.def on input line 94.

(/usr/share/texlive/texmf-dist/tex/latex/pdftex-def/pdftex.def
File: pdftex.def 2011/05/27 v0.06d Graphics/color for pdfTeX
\Gread@gobject=\count98
))
\Gin@req@height=\dimen108
\Gin@req@width=\dimen109
)
(/usr/share/texlive/texmf-dist/tex/latex/setspace/setspace.sty
Package: setspace 2011/12/19 v6.7a set line spacing
)
(/usr/share/texlive/texmf-dist/tex/latex/geometry/geometry.sty
Package: geometry 2010/09/12 v5.6 Page Geometry
\Gm@cnth=\count99
\Gm@cntv=\count100
\c@Gm@tempcnt=\count101
\Gm@bindingoffset=\dimen110
\Gm@wd@mp=\dimen111
\Gm@odd@mp=\dimen112
\Gm@even@mp=\dimen113
\Gm@layoutwidth=\dimen114
\Gm@layoutheight=\dimen115
\Gm@layouthoffset=\dimen116
\Gm@layoutvoffset=\dimen117
\Gm@dimlist=\toks15
)
(/usr/share/texlive/texmf-dist/tex/latex/caption/caption.sty
Package: caption 2013/05/02 v3.3-89 Customizing captions (AR)

(/usr/share/texlive/texmf-dist/tex/latex/caption/caption3.sty
Package: caption3 2013/05/02 v1.6-88 caption3 kernel (AR)
Package caption3 Info: TeX engine: e-TeX on input line 57.
\captionmargin=\dimen118
\captionmargin@=\dimen119
\captionwidth=\dimen120
\caption@tempdima=\dimen121
\caption@indent=\dimen122
\caption@parindent=\dimen123
\caption@hangindent=\dimen124
)
\c@ContinuedFloat=\count102
Package caption Info: hyperref package is loaded.
)
(/usr/share/texlive/texmf-dist/tex/latex/amsmath/amsmath.sty
Package: amsmath 2013/01/14 v2.14 AMS math features
\@mathmargin=\skip44

For additional information on amsmath, use the `?' option.
(/usr/share/texlive/texmf-dist/tex/latex/amsmath/amstext.sty
Package: amstext 2000/06/29 v2.01

(/usr/share/texlive/texmf-dist/tex/latex/amsmath/amsgen.sty
File: amsgen.sty 1999/11/30 v2.0
\@emptytoks=\toks16
\ex@=\dimen125
))
(/usr/share/texlive/texmf-dist/tex/latex/amsmath/amsbsy.sty
Package: amsbsy 1999/11/29 v1.2d
\pmbraise@=\dimen126
)
(/usr/share/texlive/texmf-dist/tex/latex/amsmath/amsopn.sty
Package: amsopn 1999/12/14 v2.01 operator names
)
\inf@bad=\count103
LaTeX Info: Redefining \frac on input line 210.
\uproot@=\count104
\leftroot@=\count105
LaTeX Info: Redefining \overline on input line 306.
\classnum@=\count106
\DOTSCASE@=\count107
LaTeX Info: Redefining \ldots on input line 378.
LaTeX Info: Redefining \dots on input line 381.
LaTeX Info: Redefining \cdots on input line 466.
\Mathstrutbox@=\box26
\strutbox@=\box27
\big@size=\dimen127
LaTeX Font Info:    Redeclaring font encoding OML on input line 566.
LaTeX Font Info:    Redeclaring font encoding OMS on input line 567.
\macc@depth=\count108
\c@MaxMatrixCols=\count109
\dotsspace@=\muskip11
\c@parentequation=\count110
\dspbrk@lvl=\count111
\tag@help=\toks17
\row@=\count112
\column@=\count113
\maxfields@=\count114
\andhelp@=\toks18
\eqnshift@=\dimen128
\alignsep@=\dimen129
\tagshift@=\dimen130
\tagwidth@=\dimen131
\totwidth@=\dimen132
\lineht@=\dimen133
\@envbody=\toks19
\multlinegap=\skip45
\multlinetaggap=\skip46
\mathdisplay@stack=\toks20
LaTeX Info: Redefining \[ on input line 2665.
LaTeX Info: Redefining \] on input line 2666.
)
(/usr/share/texlive/texmf-dist/tex/latex/amsfonts/amsfonts.sty
Package: amsfonts 2013/01/14 v3.01 Basic AMSFonts support
\symAMSa=\mathgroup4
\symAMSb=\mathgroup5
LaTeX Font Info:    Overwriting math alphabet `\mathfrak' in version `bold'
(Font)                  U/euf/m/n --> U/euf/b/n on input line 106.
)
(/usr/share/texlive/texmf-dist/tex/latex/pslatex/pslatex.sty
Package: pslatex 1996/07/24 v1.2 pslatex emulation (DPC)
LaTeX Font Info:    Redeclaring symbol font `operators' on input line 65.
LaTeX Font Info:    Overwriting symbol font `operators' in version `normal'
(Font)                  OT1/cmr/m/n --> OT1/ptmcm/m/n on input line 65.
LaTeX Font Info:    Overwriting symbol font `operators' in version `bold'
(Font)                  OT1/cmr/bx/n --> OT1/ptmcm/m/n on input line 65.
LaTeX Font Info:    Redeclaring symbol font `letters' on input line 66.
LaTeX Font Info:    Overwriting symbol font `letters' in version `normal'
(Font)                  OML/cmm/m/it --> OML/ptmcm/m/it on input line 66.
LaTeX Font Info:    Overwriting symbol font `letters' in version `bold'
(Font)                  OML/cmm/b/it --> OML/ptmcm/m/it on input line 66.
LaTeX Font Info:    Redeclaring symbol font `symbols' on input line 67.
LaTeX Font Info:    Overwriting symbol font `symbols' in version `normal'
(Font)                  OMS/cmsy/m/n --> OMS/pzccm/m/n on input line 67.
LaTeX Font Info:    Overwriting symbol font `symbols' in version `bold'
(Font)                  OMS/cmsy/b/n --> OMS/pzccm/m/n on input line 67.
LaTeX Font Info:    Redeclaring symbol font `largesymbols' on input line 68.
LaTeX Font Info:    Overwriting symbol font `largesymbols' in version `normal'
(Font)                  OMX/cmex/m/n --> OMX/psycm/m/n on input line 68.
LaTeX Font Info:    Overwriting symbol font `largesymbols' in version `bold'
(Font)                  OMX/cmex/m/n --> OMX/psycm/m/n on input line 68.
\symbold=\mathgroup6
\symitalic=\mathgroup7
LaTeX Font Info:    Redeclaring math alphabet \mathbf on input line 74.
LaTeX Font Info:    Overwriting math alphabet `\mathbf' in version `normal'
(Font)                  OT1/cmr/bx/n --> OT1/ptm/bx/n on input line 74.
LaTeX Font Info:    Overwriting math alphabet `\mathbf' in version `bold'
(Font)                  OT1/cmr/bx/n --> OT1/ptm/bx/n on input line 74.
LaTeX Font Info:    Redeclaring math alphabet \mathit on input line 75.
LaTeX Font Info:    Overwriting math alphabet `\mathit' in version `normal'
(Font)                  OT1/cmr/m/it --> OT1/ptm/m/it on input line 75.
LaTeX Font Info:    Overwriting math alphabet `\mathit' in version `bold'
(Font)                  OT1/cmr/bx/it --> OT1/ptm/m/it on input line 75.
)
(/usr/share/texlive/texmf-dist/tex/latex/fancyhdr/fancyhdr.sty
\fancy@headwidth=\skip47
\f@ncyO@elh=\skip48
\f@ncyO@erh=\skip49
\f@ncyO@olh=\skip50
\f@ncyO@orh=\skip51
\f@ncyO@elf=\skip52
\f@ncyO@erf=\skip53
\f@ncyO@olf=\skip54
\f@ncyO@orf=\skip55
)
(/usr/share/texlive/texmf-dist/tex/latex/pdfpages/pdfpages.sty
Package: pdfpages 2015/06/15 v0.4y Insert pages of external PDF documents (AM)

(/usr/share/texlive/texmf-dist/tex/latex/base/ifthen.sty
Package: ifthen 2014/09/29 v1.1c Standard LaTeX ifthen package (DPC)
)
(/usr/share/texlive/texmf-dist/tex/latex/tools/calc.sty
Package: calc 2014/10/28 v4.3 Infix arithmetic (KKT,FJ)
\calc@Acount=\count115
\calc@Bcount=\count116
\calc@Adimen=\dimen134
\calc@Bdimen=\dimen135
\calc@Askip=\skip56
\calc@Bskip=\skip57
LaTeX Info: Redefining \setlength on input line 80.
LaTeX Info: Redefining \addtolength on input line 81.
\calc@Ccount=\count117
\calc@Cskip=\skip58
)
(/usr/share/texlive/texmf-dist/tex/latex/eso-pic/eso-pic.sty
Package: eso-pic 2015/04/20 v2.0e eso-pic (RN)

(/usr/share/texlive/texmf-dist/tex/latex/xcolor/xcolor.sty
Package: xcolor 2007/01/21 v2.11 LaTeX color extensions (UK)

(/usr/share/texlive/texmf-dist/tex/latex/latexconfig/color.cfg
File: color.cfg 2007/01/18 v1.5 color configuration of teTeX/TeXLive
)
Package xcolor Info: Driver file: pdftex.def on input line 225.
Package xcolor Info: Model `cmy' substituted by `cmy0' on input line 1337.
Package xcolor Info: Model `hsb' substituted by `rgb' on input line 1341.
Package xcolor Info: Model `RGB' extended on input line 1353.
Package xcolor Info: Model `HTML' substituted by `rgb' on input line 1355.
Package xcolor Info: Model `Hsb' substituted by `hsb' on input line 1356.
Package xcolor Info: Model `tHsb' substituted by `hsb' on input line 1357.
Package xcolor Info: Model `HSB' substituted by `hsb' on input line 1358.
Package xcolor Info: Model `Gray' substituted by `gray' on input line 1359.
Package xcolor Info: Model `wave' substituted by `hsb' on input line 1360.
))
\AM@pagewidth=\dimen136
\AM@pageheight=\dimen137

(/usr/share/texlive/texmf-dist/tex/latex/pdfpages/pppdftex.def
File: pppdftex.def 2015/06/15 v0.4y Pdfpages driver for pdfTeX (AM)
)
(/usr/share/texlive/texmf-dist/tex/latex/oberdiek/pdflscape.sty
Package: pdflscape 2008/08/11 v0.10 Display of landscape pages in PDF (HO)

(/usr/share/texlive/texmf-dist/tex/latex/graphics/lscape.sty
Package: lscape 2000/10/22 v3.01 Landscape Pages (DPC)
)
Package pdflscape Info: Auto-detected driver: pdftex on input line 80.
)
\AM@pagebox=\box28
\AM@toc@title=\toks21
\c@AM@survey=\count118
\AM@templatesizebox=\box29
) (./fncychap.sty
Package: fncychap 2007/07/30 v1.34 LaTeX package (Revised chapters)
\RW=\skip59
\mylen=\skip60
\myhi=\skip61
\px=\skip62
\py=\skip63
\pyy=\skip64
\pxx=\skip65
) (/usr/share/texlive/texmf-dist/tex/latex/colortbl/colortbl.sty
Package: colortbl 2012/02/13 v1.0a Color table columns (DPC)

(/usr/share/texlive/texmf-dist/tex/latex/tools/array.sty
Package: array 2014/10/28 v2.4c Tabular extension package (FMi)
\col@sep=\dimen138
\extrarowheight=\dimen139
\NC@list=\toks22
\extratabsurround=\skip66
\backup@length=\skip67
)
\everycr=\toks23
\minrowclearance=\skip68
)
(/usr/share/texlive/texmf-dist/tex/latex/float/float.sty
Package: float 2001/11/08 v1.3d Float enhancements (AL)
\c@float@type=\count119
\float@exts=\toks24
\float@box=\box30
\@float@everytoks=\toks25
\@floatcapt=\box31
))
(./laporan_setting.tex)
\@input{hype.indonesia.aux}
\openout2 = `hype.indonesia.aux'.

(./hype.indonesia.tex) (./istilah.tex) (./laporan.aux (./sampul.aux)
(./lingkungan.aux) (./topik1.aux) (./topik2.aux

LaTeX Warning: Label `fig:result_mm_cannon_nbcr' multiply defined.

) (./topik3.aux) (./topik4.aux) (./kontribusi.aux))
\openout1 = `laporan.aux'.

LaTeX Font Info:    Checking defaults for OML/cmm/m/it on input line 30.
LaTeX Font Info:    ... okay on input line 30.
LaTeX Font Info:    Checking defaults for T1/cmr/m/n on input line 30.
LaTeX Font Info:    ... okay on input line 30.
LaTeX Font Info:    Checking defaults for OT1/cmr/m/n on input line 30.
LaTeX Font Info:    ... okay on input line 30.
LaTeX Font Info:    Checking defaults for OMS/pzccm/m/n on input line 30.
LaTeX Font Info:    Try loading font information for OMS+pzccm on input line 30
.

(/usr/share/texlive/texmf-dist/tex/latex/psnfss/omspzccm.fd
File: omspzccm.fd 2000/01/03 Fontinst v1.801 font definitions for OMS/pzccm.
)
LaTeX Font Info:    ... okay on input line 30.
LaTeX Font Info:    Checking defaults for OMX/cmex/m/n on input line 30.
LaTeX Font Info:    ... okay on input line 30.
LaTeX Font Info:    Checking defaults for U/cmr/m/n on input line 30.
LaTeX Font Info:    ... okay on input line 30.
LaTeX Font Info:    Checking defaults for PD1/pdf/m/n on input line 30.
LaTeX Font Info:    ... okay on input line 30.
\AtBeginShipoutBox=\box32
Package hyperref Info: Link coloring OFF on input line 30.

(/usr/share/texlive/texmf-dist/tex/latex/hyperref/nameref.sty
Package: nameref 2012/10/27 v2.43 Cross-referencing by name of section

(/usr/share/texlive/texmf-dist/tex/generic/oberdiek/gettitlestring.sty
Package: gettitlestring 2010/12/03 v1.4 Cleanup title references (HO)
)
\c@section@level=\count120
)
LaTeX Info: Redefining \ref on input line 30.
LaTeX Info: Redefining \pageref on input line 30.
LaTeX Info: Redefining \nameref on input line 30.

(./laporan.out) (./laporan.out)
\@outlinefile=\write3
\openout3 = `laporan.out'.


(/usr/share/texlive/texmf-dist/tex/context/base/supp-pdf.mkii
[Loading MPS to PDF converter (version 2006.09.02).]
\scratchcounter=\count121
\scratchdimen=\dimen140
\scratchbox=\box33
\nofMPsegments=\count122
\nofMParguments=\count123
\everyMPshowfont=\toks26
\MPscratchCnt=\count124
\MPscratchDim=\dimen141
\MPnumerator=\count125
\makeMPintoPDFobject=\count126
\everyMPtoPDFconversion=\toks27
) (/usr/share/texlive/texmf-dist/tex/latex/oberdiek/epstopdf-base.sty
Package: epstopdf-base 2010/02/09 v2.5 Base part for package epstopdf

(/usr/share/texlive/texmf-dist/tex/latex/oberdiek/grfext.sty
Package: grfext 2010/08/19 v1.1 Manage graphics extensions (HO)
)
Package grfext Info: Graphics extension search list:
(grfext)             [.png,.pdf,.jpg,.mps,.jpeg,.jbig2,.jb2,.PNG,.PDF,.JPG,.JPE
G,.JBIG2,.JB2,.eps]
(grfext)             \AppendGraphicsExtensions on input line 452.

(/usr/share/texlive/texmf-dist/tex/latex/latexconfig/epstopdf-sys.cfg
File: epstopdf-sys.cfg 2010/07/13 v1.3 Configuration of (r)epstopdf for TeX Liv
e
))
*geometry* driver: auto-detecting
*geometry* detected driver: pdftex
*geometry* verbose mode - [ preamble ] result:
* driver: pdftex
* paper: a4paper
* layout: <same size as paper>
* layoutoffset:(h,v)=(0.0pt,0.0pt)
* modes: 
* h-part:(L,W,R)=(113.81102pt, 398.3386pt, 85.35826pt)
* v-part:(T,H,B)=(85.35826pt, 674.33032pt, 85.35826pt)
* \paperwidth=597.50787pt
* \paperheight=845.04684pt
* \textwidth=398.3386pt
* \textheight=674.33032pt
* \oddsidemargin=41.54103pt
* \evensidemargin=41.54103pt
* \topmargin=-11.91173pt
* \headheight=0.0pt
* \headsep=25.0pt
* \topskip=12.0pt
* \footskip=30.0pt
* \marginparwidth=35.0pt
* \marginparsep=10.0pt
* \columnsep=10.0pt
* \skip\footins=10.8pt plus 4.0pt minus 2.0pt
* \hoffset=0.0pt
* \voffset=0.0pt
* \mag=1000
* \@twocolumnfalse
* \@twosidefalse
* \@mparswitchfalse
* \@reversemarginfalse
* (1in=72.27pt=25.4mm, 1cm=28.453pt)

Package caption Info: Begin \AtBeginDocument code.
Package caption Info: float package is loaded.
Package caption Info: End \AtBeginDocument code.
\openout2 = `sampul.aux'.

(./sampul.tex <pics/makara.png, id=187, 154.86429pt x 154.34807pt>
File: pics/makara.png Graphic file (type png)

<use pics/makara.png>
Package pdftex.def Info: pics/makara.png used on input line 14.
(pdftex.def)             Requested size: 71.13188pt x 70.89497pt.
LaTeX Font Info:    Font shape `OT1/ptm/bx/n' in size <12> not available
(Font)              Font shape `OT1/ptm/b/n' tried instead on input line 20.
 [1




{/var/lib/texmf/fonts/map/pdftex/updmap/pdftex.map} <./pics/makara.png>])
LaTeX Font Info:    Font shape `OT1/ptm/bx/n' in size <14.4> not available
(Font)              Font shape `OT1/ptm/b/n' tried instead on input line 79.
 (./laporan.toc
LaTeX Font Info:    Try loading font information for OT1+ptmcm on input line 4.


(/usr/share/texlive/texmf-dist/tex/latex/psnfss/ot1ptmcm.fd
File: ot1ptmcm.fd 2000/01/03 Fontinst v1.801 font definitions for OT1/ptmcm.
)
LaTeX Font Info:    Try loading font information for OML+ptmcm on input line 4.


(/usr/share/texlive/texmf-dist/tex/latex/psnfss/omlptmcm.fd
File: omlptmcm.fd 2000/01/03 Fontinst v1.801 font definitions for OML/ptmcm.
)
LaTeX Font Info:    Try loading font information for OMX+psycm on input line 4.


(/usr/share/texlive/texmf-dist/tex/latex/psnfss/omxpsycm.fd
File: omxpsycm.fd 2000/01/03 Fontinst v1.801 font definitions for OMX/psycm.
)
LaTeX Font Info:    Try loading font information for U+msa on input line 4.

(/usr/share/texlive/texmf-dist/tex/latex/amsfonts/umsa.fd
File: umsa.fd 2013/01/14 v3.01 AMS symbols A
)
LaTeX Font Info:    Try loading font information for U+msb on input line 4.

(/usr/share/texlive/texmf-dist/tex/latex/amsfonts/umsb.fd
File: umsb.fd 2013/01/14 v3.01 AMS symbols B
)
LaTeX Font Info:    Font shape `OT1/ptm/bx/n' in size <9> not available
(Font)              Font shape `OT1/ptm/b/n' tried instead on input line 4.
LaTeX Font Info:    Font shape `OT1/ptm/bx/n' in size <7> not available
(Font)              Font shape `OT1/ptm/b/n' tried instead on input line 4.
 [2


])
\tf@toc=\write4
\openout4 = `laporan.toc'.



Package Fancyhdr Warning: \headheight is too small (0.0pt): 
 Make it at least 14.49998pt.
 We now make it that large for the rest of the document.
 This may cause the page layout to be inconsistent, however.

LaTeX Font Info:    Font shape `OT1/ptm/bx/n' in size <10> not available
(Font)              Font shape `OT1/ptm/b/n' tried instead on input line 80.
[3] (./laporan.lof
Underfull \hbox (badness 10000) in paragraph at lines 12--12
 [][] [][]\OT1/ptm/m/n/12 Grafik hasil eksper-i-men Row-Wise De-com-po-si-tion 
clus-ter 
 []


Underfull \hbox (badness 2495) in paragraph at lines 14--14
 [][] [][]\OT1/ptm/m/n/12 Grafik hasil eksper-i-men Column-Wise De-com-po-si-ti
on clus-ter 
 []


Underfull \hbox (badness 10000) in paragraph at lines 19--19
 [][] [][]\OT1/ptm/m/n/12 Grafik hasil eksper-i-men Row-Wise De-com-po-si-tion 
clus-ter 
 []

[4


])
\tf@lof=\write5
\openout5 = `laporan.lof'.



Package Fancyhdr Warning: \headheight is too small (0.0pt): 
 Make it at least 14.49998pt.
 We now make it that large for the rest of the document.
 This may cause the page layout to be inconsistent, however.

[5]
\openout2 = `lingkungan.aux'.

 (./lingkungan.tex
BAB 1.

Package hyperref Warning: Token not allowed in a PDF string (PDFDocEncoding):
(hyperref)                removing `\uppercase' on input line 2.

LaTeX Font Info:    Font shape `OT1/ptm/bx/it' in size <14.4> not available
(Font)              Font shape `OT1/ptm/b/it' tried instead on input line 5.
LaTeX Font Info:    Font shape `OT1/ptm/bx/n' in size <7.4> not available
(Font)              Font shape `OT1/ptm/b/n' tried instead on input line 12.
LaTeX Font Info:    Font shape `OT1/ptm/bx/n' in size <6> not available
(Font)              Font shape `OT1/ptm/b/n' tried instead on input line 12.
pdfTeX warning (ext4): destination with the same identifier (name{page.1}) has 
been already used, duplicate ignored
<to be read again> 
                   \relax 
l.28 
      [1



])
Underfull \hbox (badness 1460) in paragraph at lines 43--94
[]\OT1/ptm/m/n/12 Kode program-program dan la-po-ran eksper-i-men ini kami sim-
pan meng-
 []


Underfull \hbox (badness 1043) in paragraph at lines 43--94
\OT1/ptm/m/n/12 gu-nakan layanan GitHub di ala-mat \OT1/ptm/m/it/12 https://git
hub.com/yohanesgultom/parallel-
 []


Package Fancyhdr Warning: \headheight is too small (0.0pt): 
 Make it at least 14.49998pt.
 We now make it that large for the rest of the document.
 This may cause the page layout to be inconsistent, however.

[2]
\openout2 = `topik1.aux'.

 (./topik1.tex
BAB 2.

Package hyperref Warning: Token not allowed in a PDF string (PDFDocEncoding):
(hyperref)                removing `\uppercase' on input line 2.

<pics/mv_rowwise.jpg, id=435, 562.1pt x 363.3575pt>
File: pics/mv_rowwise.jpg Graphic file (type jpg)
 <use pics/mv_rowwise.jpg>
Package pdftex.def Info: pics/mv_rowwise.jpg used on input line 19.
(pdftex.def)             Requested size: 298.75394pt x 193.1219pt.

[3



 <./pics/mv_rowwise.jpg>]
<pics/mv_colwise.jpg, id=444, 740.7675pt x 384.43625pt>
File: pics/mv_colwise.jpg Graphic file (type jpg)

<use pics/mv_colwise.jpg>
Package pdftex.def Info: pics/mv_colwise.jpg used on input line 31.
(pdftex.def)             Requested size: 358.50229pt x 186.05246pt.

<pics/mv_checkerboard.jpg, id=446, 881.2925pt x 487.8225pt>
File: pics/mv_checkerboard.jpg Graphic file (type jpg)

<use pics/mv_checkerboard.jpg>
Package pdftex.def Info: pics/mv_checkerboard.jpg used on input line 51.
(pdftex.def)             Requested size: 298.75394pt x 165.36618pt.


Package Fancyhdr Warning: \headheight is too small (0.0pt): 
 Make it at least 14.49998pt.
 We now make it that large for the rest of the document.
 This may cause the page layout to be inconsistent, however.

[4 <./pics/mv_colwise.jpg>]
<pics/mm_rowwise.jpg, id=458, 489.83pt x 129.283pt>
File: pics/mm_rowwise.jpg Graphic file (type jpg)
 <use pics/mm_rowwise.jpg>
Package pdftex.def Info: pics/mm_rowwise.jpg used on input line 65.
(pdftex.def)             Requested size: 398.3386pt x 105.13686pt.

<pics/mm_cannon.jpg, id=459, 803.0pt x 366.36874pt>
File: pics/mm_cannon.jpg Graphic file (type jpg)
 <use pics/mm_cannon.jpg>
Package pdftex.def Info: pics/mm_cannon.jpg used on input line 77.
(pdftex.def)             Requested size: 398.3386pt x 181.7472pt.


Package Fancyhdr Warning: \headheight is too small (0.0pt): 
 Make it at least 14.49998pt.
 We now make it that large for the rest of the document.
 This may cause the page layout to be inconsistent, however.

[5 <./pics/mv_checkerboard.jpg> <./pics/mm_rowwise.jpg>]
<pics/mm_fox.jpg, id=466, 667.49374pt x 634.37pt>
File: pics/mm_fox.jpg Graphic file (type jpg)
 <use pics/mm_fox.jpg>
Package pdftex.def Info: pics/mm_fox.jpg used on input line 89.
(pdftex.def)             Requested size: 298.75394pt x 283.93446pt.


Package Fancyhdr Warning: \headheight is too small (0.0pt): 
 Make it at least 14.49998pt.
 We now make it that large for the rest of the document.
 This may cause the page layout to be inconsistent, however.

[6 <./pics/mm_cannon.jpg> <./pics/mm_fox.jpg>]
LaTeX Font Info:    Font shape `OMS/ptm/m/n' in size <12> not available
(Font)              Font shape `OMS/pzccm/m/n' tried instead on input line 98.

<pics/mm_dns1.jpg, id=473, 677.53125pt x 425.59pt>
File: pics/mm_dns1.jpg Graphic file (type jpg)
 <use pics/mm_dns1.jpg>
Package pdftex.def Info: pics/mm_dns1.jpg used on input line 106.
(pdftex.def)             Requested size: 398.3386pt x 250.22572pt.

<pics/mm_dns2.jpg, id=474, 678.535pt x 414.54875pt>
File: pics/mm_dns2.jpg Graphic file (type jpg)
 <use pics/mm_dns2.jpg>
Package pdftex.def Info: pics/mm_dns2.jpg used on input line 114.
(pdftex.def)             Requested size: 398.3386pt x 243.36081pt.


Package Fancyhdr Warning: \headheight is too small (0.0pt): 
 Make it at least 14.49998pt.
 We now make it that large for the rest of the document.
 This may cause the page layout to be inconsistent, however.

[7 <./pics/mm_dns1.jpg>]
Underfull \hbox (badness 10000) in paragraph at lines 130--131
[]\OT1/ptm/m/n/12 Sumber kode: []$\OT1/pcr/m/n/12 https : / / github . com / yo
hanesgultom /
 []


Underfull \hbox (badness 10000) in paragraph at lines 130--131
\OT1/pcr/m/n/12 parallel-[]programming-[]assignment / blob / master / problem1 
/ mv _
 []


Underfull \hbox (badness 1917) in paragraph at lines 133--134
[]\OT1/ptm/m/n/12 Waktu ek-sekusi dan ko-mu-nikasi di-hi-tung (dalam de-tik) me
ng-gu-nakan
 []

<pics/chart_mv_rowwise_nbcr.jpg, id=480, 419.31656pt x 255.95625pt>
File: pics/chart_mv_rowwise_nbcr.jpg Graphic file (type jpg)

<use pics/chart_mv_rowwise_nbcr.jpg>
Package pdftex.def Info: pics/chart_mv_rowwise_nbcr.jpg used on input line 141.

(pdftex.def)             Requested size: 398.3386pt x 243.14923pt.


Package Fancyhdr Warning: \headheight is too small (0.0pt): 
 Make it at least 14.49998pt.
 We now make it that large for the rest of the document.
 This may cause the page layout to be inconsistent, however.

[8 <./pics/mm_dns2.jpg>]
<pics/chart_mv_rowwise_fasilkom.jpg, id=489, 455.45157pt x 255.95625pt>
File: pics/chart_mv_rowwise_fasilkom.jpg Graphic file (type jpg)

<use pics/chart_mv_rowwise_fasilkom.jpg>
Package pdftex.def Info: pics/chart_mv_rowwise_fasilkom.jpg used on input line 
149.
(pdftex.def)             Requested size: 398.3386pt x 223.86351pt.


Package Fancyhdr Warning: \headheight is too small (0.0pt): 
 Make it at least 14.49998pt.
 We now make it that large for the rest of the document.
 This may cause the page layout to be inconsistent, however.

[9 <./pics/chart_mv_rowwise_nbcr.jpg> <./pics/chart_mv_rowwise_fasilkom.jpg>]
Underfull \hbox (badness 10000) in paragraph at lines 162--163
[]\OT1/ptm/m/n/12 Sumber kode: []$\OT1/pcr/m/n/12 https : / / github . com / yo
hanesgultom /
 []


Underfull \hbox (badness 10000) in paragraph at lines 162--163
\OT1/pcr/m/n/12 parallel-[]programming-[]assignment / blob / master / problem1 
/ mv _
 []


Underfull \hbox (badness 3547) in paragraph at lines 164--165
[]\OT1/ptm/m/n/12 Tugas \OT1/ptm/m/it/12 man-ager \OT1/ptm/m/n/12 adalah mengin
-isial-isasi ma-triks dan vek-tor, mendis-
 []


Underfull \hbox (badness 1917) in paragraph at lines 165--166
[]\OT1/ptm/m/n/12 Waktu ek-sekusi dan ko-mu-nikasi di-hi-tung (dalam de-tik) me
ng-gu-nakan
 []

<pics/chart_mv_colwise_nbcr.jpg, id=497, 419.31656pt x 255.95625pt>
File: pics/chart_mv_colwise_nbcr.jpg Graphic file (type jpg)

<use pics/chart_mv_colwise_nbcr.jpg>
Package pdftex.def Info: pics/chart_mv_colwise_nbcr.jpg used on input line 173.

(pdftex.def)             Requested size: 398.3386pt x 243.14923pt.

<pics/chart_mv_colwise_fasilkom.jpg, id=498, 455.45157pt x 255.95625pt>
File: pics/chart_mv_colwise_fasilkom.jpg Graphic file (type jpg)

<use pics/chart_mv_colwise_fasilkom.jpg>
Package pdftex.def Info: pics/chart_mv_colwise_fasilkom.jpg used on input line 
181.
(pdftex.def)             Requested size: 398.3386pt x 223.86351pt.


Package Fancyhdr Warning: \headheight is too small (0.0pt): 
 Make it at least 14.49998pt.
 We now make it that large for the rest of the document.
 This may cause the page layout to be inconsistent, however.

[10 <./pics/chart_mv_colwise_nbcr.jpg>]
Underfull \hbox (badness 10000) in paragraph at lines 194--195
[]\OT1/ptm/m/n/12 Sumber kode: []$\OT1/pcr/m/n/12 https : / / github . com / yo
hanesgultom /
 []


Underfull \hbox (badness 10000) in paragraph at lines 194--195
\OT1/pcr/m/n/12 parallel-[]programming-[]assignment / blob / master / problem1 
/ mv _
 []


Underfull \hbox (badness 3471) in paragraph at lines 196--197
\OT1/ptm/m/n/12 nya se-cara \OT1/ptm/m/it/12 checker-board de-com-po-si-tion \O
T1/ptm/m/n/12 meng-gu-nakan []\OT1/pcr/m/n/12 MPI_Send \OT1/ptm/m/n/12 dan
 []


Underfull \hbox (badness 1917) in paragraph at lines 197--198
[]\OT1/ptm/m/n/12 Waktu ek-sekusi dan ko-mu-nikasi di-hi-tung (dalam de-tik) me
ng-gu-nakan
 []


Package Fancyhdr Warning: \headheight is too small (0.0pt): 
 Make it at least 14.49998pt.
 We now make it that large for the rest of the document.
 This may cause the page layout to be inconsistent, however.

[11 <./pics/chart_mv_colwise_fasilkom.jpg>]
<pics/chart_mv_checkerboard_nbcr.jpg, id=514, 419.31656pt x 255.95625pt>
File: pics/chart_mv_checkerboard_nbcr.jpg Graphic file (type jpg)

<use pics/chart_mv_checkerboard_nbcr.jpg>
Package pdftex.def Info: pics/chart_mv_checkerboard_nbcr.jpg used on input line
 205.
(pdftex.def)             Requested size: 398.3386pt x 243.14923pt.

<pics/chart_mv_checkerboard_fasilkom.jpg, id=515, 485.56406pt x 295.85532pt>
File: pics/chart_mv_checkerboard_fasilkom.jpg Graphic file (type jpg)

<use pics/chart_mv_checkerboard_fasilkom.jpg>
Package pdftex.def Info: pics/chart_mv_checkerboard_fasilkom.jpg used on input 
line 213.
(pdftex.def)             Requested size: 398.3386pt x 242.70674pt.

Underfull \hbox (badness 1584) in paragraph at lines 218--219
[]\OT1/ptm/m/n/12 Pada grafik gam-bar []2.13[], ter-li-hat bahwa waktu yang dib
u-tuhkan malah
 []


Package Fancyhdr Warning: \headheight is too small (0.0pt): 
 Make it at least 14.49998pt.
 We now make it that large for the rest of the document.
 This may cause the page layout to be inconsistent, however.

[12 <./pics/chart_mv_checkerboard_nbcr.jpg> <./pics/chart_mv_checkerboard_fasil
kom.jpg>]
<pics/chart_mv_comparison_rocks.jpg, id=522, 394.47375pt x 301.8778pt>
File: pics/chart_mv_comparison_rocks.jpg Graphic file (type jpg)

<use pics/chart_mv_comparison_rocks.jpg>
Package pdftex.def Info: pics/chart_mv_comparison_rocks.jpg used on input line 
225.
(pdftex.def)             Requested size: 398.3386pt x 304.83429pt.

Underfull \hbox (badness 10000) in paragraph at lines 238--239
[]\OT1/ptm/m/n/12 Sumber kode: []$\OT1/pcr/m/n/12 https : / / github . com / yo
hanesgultom /
 []


Underfull \hbox (badness 10000) in paragraph at lines 238--239
\OT1/pcr/m/n/12 parallel-[]programming-[]assignment / blob / master / problem1 
/ mm _
 []


Package Fancyhdr Warning: \headheight is too small (0.0pt): 
 Make it at least 14.49998pt.
 We now make it that large for the rest of the document.
 This may cause the page layout to be inconsistent, however.

[13 <./pics/chart_mv_comparison_rocks.jpg>]
Underfull \hbox (badness 10000) in paragraph at lines 240--241
\OT1/ptm/m/n/12 mendis-tribusikan-nya se-cara \OT1/ptm/m/it/12 row-wise de-com-
po-si-tion \OT1/ptm/m/n/12 meng-gu-nakan
 []


Underfull \hbox (badness 1895) in paragraph at lines 240--241
[]\OT1/pcr/m/n/12 MPI_Send \OT1/ptm/m/n/12 dan []\OT1/pcr/m/n/12 MPI_Bcast \OT1
/ptm/m/n/12 dan mengumpulkan hasil dari tiap \OT1/ptm/m/it/12 worker
 []


Underfull \hbox (badness 1917) in paragraph at lines 241--242
[]\OT1/ptm/m/n/12 Waktu ek-sekusi dan ko-mu-nikasi di-hi-tung (dalam de-tik) me
ng-gu-nakan
 []

<pics/chart_mm_rowwise_nbcr.jpg, id=529, 419.31656pt x 255.95625pt>
File: pics/chart_mm_rowwise_nbcr.jpg Graphic file (type jpg)

<use pics/chart_mm_rowwise_nbcr.jpg>
Package pdftex.def Info: pics/chart_mm_rowwise_nbcr.jpg used on input line 249.

(pdftex.def)             Requested size: 398.3386pt x 243.14923pt.

<pics/chart_mm_rowwise_fasilkom.jpg, id=530, 455.45157pt x 255.95625pt>
File: pics/chart_mm_rowwise_fasilkom.jpg Graphic file (type jpg)

<use pics/chart_mm_rowwise_fasilkom.jpg>
Package pdftex.def Info: pics/chart_mm_rowwise_fasilkom.jpg used on input line 
257.
(pdftex.def)             Requested size: 398.3386pt x 223.86351pt.


Package Fancyhdr Warning: \headheight is too small (0.0pt): 
 Make it at least 14.49998pt.
 We now make it that large for the rest of the document.
 This may cause the page layout to be inconsistent, however.

[14 <./pics/chart_mm_rowwise_nbcr.jpg>]
Underfull \hbox (badness 10000) in paragraph at lines 270--271
[]\OT1/ptm/m/n/12 Sumber kode: []$\OT1/pcr/m/n/12 https : / / github . com / yo
hanesgultom /
 []


Underfull \hbox (badness 10000) in paragraph at lines 270--271
\OT1/pcr/m/n/12 parallel-[]programming-[]assignment / blob / master / problem1 
/ mm _
 []


Underfull \hbox (badness 1917) in paragraph at lines 273--274
[]\OT1/ptm/m/n/12 Waktu ek-sekusi dan ko-mu-nikasi di-hi-tung (dalam de-tik) me
ng-gu-nakan
 []


Package Fancyhdr Warning: \headheight is too small (0.0pt): 
 Make it at least 14.49998pt.
 We now make it that large for the rest of the document.
 This may cause the page layout to be inconsistent, however.

[15 <./pics/chart_mm_rowwise_fasilkom.jpg>]
<pics/chart_mm_cannon_nbcr.jpg, id=547, 422.32782pt x 255.95625pt>
File: pics/chart_mm_cannon_nbcr.jpg Graphic file (type jpg)

<use pics/chart_mm_cannon_nbcr.jpg>
Package pdftex.def Info: pics/chart_mm_cannon_nbcr.jpg used on input line 281.
(pdftex.def)             Requested size: 398.3386pt x 241.42297pt.

Underfull \hbox (badness 10000) in paragraph at lines 292--293
[]\OT1/ptm/m/n/12 Sumber kode: []$\OT1/pcr/m/n/12 https : / / github . com / yo
hanesgultom /
 []


Underfull \hbox (badness 10000) in paragraph at lines 292--293
\OT1/pcr/m/n/12 parallel-[]programming-[]assignment / blob / master / problem1 
/ mm _
 []


Underfull \hbox (badness 1917) in paragraph at lines 295--296
[]\OT1/ptm/m/n/12 Waktu ek-sekusi dan ko-mu-nikasi di-hi-tung (dalam de-tik) me
ng-gu-nakan
 []


Package Fancyhdr Warning: \headheight is too small (0.0pt): 
 Make it at least 14.49998pt.
 We now make it that large for the rest of the document.
 This may cause the page layout to be inconsistent, however.

[16 <./pics/chart_mm_cannon_nbcr.jpg>]
File: pics/chart_mm_cannon_nbcr.jpg Graphic file (type jpg)
 <use pics/chart_mm_cannon_nbcr.jpg>
Package pdftex.def Info: pics/chart_mm_cannon_nbcr.jpg used on input line 303.
(pdftex.def)             Requested size: 398.3386pt x 241.42297pt.

<pics/chart_mm_comparison_rocks.jpg, id=558, 395.22656pt x 302.63063pt>
File: pics/chart_mm_comparison_rocks.jpg Graphic file (type jpg)

<use pics/chart_mm_comparison_rocks.jpg>
Package pdftex.def Info: pics/chart_mm_comparison_rocks.jpg used on input line 
313.
(pdftex.def)             Requested size: 398.3386pt x 305.01726pt.


Package Fancyhdr Warning: \headheight is too small (0.0pt): 
 Make it at least 14.49998pt.
 We now make it that large for the rest of the document.
 This may cause the page layout to be inconsistent, however.

[17]
Underfull \hbox (badness 10000) in paragraph at lines 324--325
[]\OT1/ptm/m/n/12 Sumber kode: []$\OT1/pcr/m/n/12 https : / / github . com / yo
hanesgultom /
 []

<pics/chart_mm_dns_nbcr_8.jpg, id=564, 607.26875pt x 341.275pt>
File: pics/chart_mm_dns_nbcr_8.jpg Graphic file (type jpg)

<use pics/chart_mm_dns_nbcr_8.jpg>
Package pdftex.def Info: pics/chart_mm_dns_nbcr_8.jpg used on input line 333.
(pdftex.def)             Requested size: 398.3386pt x 223.86221pt.


Package Fancyhdr Warning: \headheight is too small (0.0pt): 
 Make it at least 14.49998pt.
 We now make it that large for the rest of the document.
 This may cause the page layout to be inconsistent, however.

[18 <./pics/chart_mm_comparison_rocks.jpg>]
<pics/chart_mm_dns_nbcr_27.jpg, id=570, 607.26875pt x 341.275pt>
File: pics/chart_mm_dns_nbcr_27.jpg Graphic file (type jpg)

<use pics/chart_mm_dns_nbcr_27.jpg>
Package pdftex.def Info: pics/chart_mm_dns_nbcr_27.jpg used on input line 341.
(pdftex.def)             Requested size: 398.3386pt x 223.86221pt.

<pics/chart_mm_dns_fasilkom_8.jpg, id=573, 607.26875pt x 341.275pt>
File: pics/chart_mm_dns_fasilkom_8.jpg Graphic file (type jpg)

<use pics/chart_mm_dns_fasilkom_8.jpg>
Package pdftex.def Info: pics/chart_mm_dns_fasilkom_8.jpg used on input line 35
1.
(pdftex.def)             Requested size: 398.3386pt x 223.86221pt.


Package Fancyhdr Warning: \headheight is too small (0.0pt): 
 Make it at least 14.49998pt.
 We now make it that large for the rest of the document.
 This may cause the page layout to be inconsistent, however.

[19 <./pics/chart_mm_dns_nbcr_8.jpg> <./pics/chart_mm_dns_nbcr_27.jpg>])

Package Fancyhdr Warning: \headheight is too small (0.0pt): 
 Make it at least 14.49998pt.
 We now make it that large for the rest of the document.
 This may cause the page layout to be inconsistent, however.

[20 <./pics/chart_mm_dns_fasilkom_8.jpg>]
\openout2 = `topik2.aux'.

 (./topik2.tex
BAB 3.

Package hyperref Warning: Token not allowed in a PDF string (PDFDocEncoding):
(hyperref)                removing `\uppercase' on input line 2.

[21



]
Underfull \hbox (badness 10000) in paragraph at lines 49--50
[]\OT1/ptm/m/n/12 Kode sum-ber []$\OT1/pcr/m/n/12 https : / / github . com / yo
hanesgultom /
 []


Underfull \hbox (badness 1430) in paragraph at lines 50--51
\OML/ptmcm/m/it/12 axb$ \OT1/ptm/m/n/12 de-ngan fungsi []\OT1/pcr/m/n/12 MPI_Ca
rt_create\OT1/ptm/m/n/12 , menc-etak rank pros-esor (\OT1/ptm/m/it/12 print\OT1
/ptm/m/n/12 )
 []


Underfull \hbox (badness 1502) in paragraph at lines 53--54
[]\OT1/ptm/m/n/12 Dengan pro-gram ini kami in-gin menga-mati per-i-laku fungsi-
fungsi dasar
 []

<pics/process_topologies_demo.jpg, id=599, 983.675pt x 318.18875pt>
File: pics/process_topologies_demo.jpg Graphic file (type jpg)

<use pics/process_topologies_demo.jpg>
Package pdftex.def Info: pics/process_topologies_demo.jpg used on input line 58
.
(pdftex.def)             Requested size: 398.3386pt x 128.85117pt.

<pics/process_topologies_creation_nbcr.jpg, id=600, 941.5175pt x 518.93875pt>
File: pics/process_topologies_creation_nbcr.jpg Graphic file (type jpg)

<use pics/process_topologies_creation_nbcr.jpg>
Package pdftex.def Info: pics/process_topologies_creation_nbcr.jpg used on inpu
t line 66.
(pdftex.def)             Requested size: 398.3386pt x 219.55229pt.


Package Fancyhdr Warning: \headheight is too small (0.0pt): 
 Make it at least 14.49998pt.
 We now make it that large for the rest of the document.
 This may cause the page layout to be inconsistent, however.

[22 <./pics/process_topologies_demo.jpg>]
Underfull \hbox (badness 10000) in paragraph at lines 78--79
[]\OT1/ptm/m/n/12 Sumber kode: []$\OT1/pcr/m/n/12 https : / / github . com / yo
hanesgultom /
 []


Underfull \hbox (badness 10000) in paragraph at lines 78--79
\OT1/pcr/m/n/12 parallel-[]programming-[]assignment / blob / master / problem2 
/ mm _
 []


Underfull \hbox (badness 1917) in paragraph at lines 81--82
[]\OT1/ptm/m/n/12 Waktu ek-sekusi dan ko-mu-nikasi di-hi-tung (dalam de-tik) me
ng-gu-nakan
 []


Package Fancyhdr Warning: \headheight is too small (0.0pt): 
 Make it at least 14.49998pt.
 We now make it that large for the rest of the document.
 This may cause the page layout to be inconsistent, however.

[23 <./pics/process_topologies_creation_nbcr.jpg>]
File: pics/chart_mm_cannon_nbcr.jpg Graphic file (type jpg)

<use pics/chart_mm_cannon_nbcr.jpg>
Package pdftex.def Info: pics/chart_mm_cannon_nbcr.jpg used on input line 87.
(pdftex.def)             Requested size: 398.3386pt x 241.42297pt.

Underfull \hbox (badness 1253) in paragraph at lines 100--101
[]\OT1/ptm/m/n/12 Terdapat 2 buah supro-gram yaitu \OT1/ptm/m/it/12 man-ager \O
T1/ptm/m/n/12 dan \OT1/ptm/m/it/12 worker \OT1/ptm/m/n/12 yang bertu-gas
 []


Underfull \hbox (badness 10000) in paragraph at lines 102--103
[][]$\OT1/pcr/m/n/12 https : / / github . com / yohanesgultom /
 []


Underfull \hbox (badness 10000) in paragraph at lines 102--103
\OT1/pcr/m/n/12 parallel-[]programming-[]assignment / blob / master / problem2 
/
 []


Underfull \hbox (badness 10000) in paragraph at lines 103--104
[][]$\OT1/pcr/m/n/12 https : / / github . com / yohanesgultom /
 []


Underfull \hbox (badness 10000) in paragraph at lines 103--104
\OT1/pcr/m/n/12 parallel-[]programming-[]assignment / blob / master / problem2 
/
 []


Package Fancyhdr Warning: \headheight is too small (0.0pt): 
 Make it at least 14.49998pt.
 We now make it that large for the rest of the document.
 This may cause the page layout to be inconsistent, however.

[24] <pics/dynamic_process_demo.jpg, id=629, 1020.81375pt x 380.42125pt>
File: pics/dynamic_process_demo.jpg Graphic file (type jpg)

<use pics/dynamic_process_demo.jpg>
Package pdftex.def Info: pics/dynamic_process_demo.jpg used on input line 111.
(pdftex.def)             Requested size: 398.3386pt x 148.45074pt.

<pics/dynamic_process_multicore.jpg, id=630, 641.39626pt x 464.73625pt>
File: pics/dynamic_process_multicore.jpg Graphic file (type jpg)

<use pics/dynamic_process_multicore.jpg>
Package pdftex.def Info: pics/dynamic_process_multicore.jpg used on input line 
119.
(pdftex.def)             Requested size: 398.3386pt x 288.62988pt.


Package Fancyhdr Warning: \headheight is too small (0.0pt): 
 Make it at least 14.49998pt.
 We now make it that large for the rest of the document.
 This may cause the page layout to be inconsistent, however.

[25 <./pics/dynamic_process_demo.jpg> <./pics/dynamic_process_multicore.jpg>])

Package Fancyhdr Warning: \headheight is too small (0.0pt): 
 Make it at least 14.49998pt.
 We now make it that large for the rest of the document.
 This may cause the page layout to be inconsistent, however.

[26]
\openout2 = `topik3.aux'.

 (./topik3.tex
BAB 4.

Package hyperref Warning: Token not allowed in a PDF string (PDFDocEncoding):
(hyperref)                removing `\uppercase' on input line 2.

<pics/cg_par.png, id=645, 557.08125pt x 393.47pt>
File: pics/cg_par.png Graphic file (type png)
 <use pics/cg_par.png>
Package pdftex.def Info: pics/cg_par.png used on input line 14.
(pdftex.def)             Requested size: 298.75394pt x 211.01768pt.

[27



 <./pics/cg_par.png>]
<pics/cg_fasilkom.jpg, id=652, 607.26875pt x 341.275pt>
File: pics/cg_fasilkom.jpg Graphic file (type jpg)

<use pics/cg_fasilkom.jpg>
Package pdftex.def Info: pics/cg_fasilkom.jpg used on input line 29.
(pdftex.def)             Requested size: 318.67209pt x 179.08873pt.
 <pics/cg_nbcr.jpg, id=653, 607.26875pt x 341.275pt>
File: pics/cg_nbcr.jpg Graphic file (type jpg)

<use pics/cg_nbcr.jpg>
Package pdftex.def Info: pics/cg_nbcr.jpg used on input line 37.
(pdftex.def)             Requested size: 318.67209pt x 179.08873pt.
)

Package Fancyhdr Warning: \headheight is too small (0.0pt): 
 Make it at least 14.49998pt.
 We now make it that large for the rest of the document.
 This may cause the page layout to be inconsistent, however.

[28 <./pics/cg_fasilkom.jpg> <./pics/cg_nbcr.jpg>]
\openout2 = `topik4.aux'.

 (./topik4.tex
BAB 5.

Package hyperref Warning: Token not allowed in a PDF string (PDFDocEncoding):
(hyperref)                removing `\uppercase' on input line 2.

[29



] <pics/amber_all.jpg, id=675, 878.28125pt x 544.0325pt>
File: pics/amber_all.jpg Graphic file (type jpg)

<use pics/amber_all.jpg>
Package pdftex.def Info: pics/amber_all.jpg used on input line 43.
(pdftex.def)             Requested size: 398.3386pt x 246.74655pt.

<pics/amber_nucleosome.jpg, id=678, 878.28125pt x 544.0325pt>
File: pics/amber_nucleosome.jpg Graphic file (type jpg)

<use pics/amber_nucleosome.jpg>
Package pdftex.def Info: pics/amber_nucleosome.jpg used on input line 53.
(pdftex.def)             Requested size: 398.3386pt x 246.74655pt.


Package Fancyhdr Warning: \headheight is too small (0.0pt): 
 Make it at least 14.49998pt.
 We now make it that large for the rest of the document.
 This may cause the page layout to be inconsistent, however.

[30 <./pics/amber_all.jpg>])

Package Fancyhdr Warning: \headheight is too small (0.0pt): 
 Make it at least 14.49998pt.
 We now make it that large for the rest of the document.
 This may cause the page layout to be inconsistent, however.

[31 <./pics/amber_nucleosome.jpg>]
\openout2 = `kontribusi.aux'.

 (./kontribusi.tex
BAB 6.

Package hyperref Warning: Token not allowed in a PDF string (PDFDocEncoding):
(hyperref)                removing `\uppercase' on input line 2.


Underfull \hbox (badness 10000) in paragraph at lines 4--5

 []

) [32



]
Package atveryend Info: Empty hook `BeforeClearDocument' on input line 114.
Package atveryend Info: Empty hook `AfterLastShipout' on input line 114.
 (./laporan.aux (./sampul.aux) (./lingkungan.aux) (./topik1.aux)
(./topik2.aux) (./topik3.aux) (./topik4.aux) (./kontribusi.aux))
Package atveryend Info: Executing hook `AtVeryEndDocument' on input line 114.
Package atveryend Info: Executing hook `AtEndAfterFileList' on input line 114.
Package rerunfilecheck Info: File `laporan.out' has not changed.
(rerunfilecheck)             Checksum: 99B2A21BB8F925C09F90CF4D3BF19F31;3503.


LaTeX Warning: There were multiply-defined labels.

Package atveryend Info: Empty hook `AtVeryVeryEnd' on input line 114.
 ) 
Here is how much of TeX's memory you used:
 9656 strings out of 495000
 143508 string characters out of 6181169
 240083 words of memory out of 5000000
 12423 multiletter control sequences out of 15000+600000
 43659 words of font info for 97 fonts, out of 8000000 for 9000
 83 hyphenation exceptions out of 8191
 44i,12n,45p,890b,400s stack positions out of 5000i,500n,10000p,200000b,80000s
pdfTeX warning (dest): name{Hfootnote.6} has been referenced but does not exi
st, replaced by a fixed one

pdfTeX warning (dest): name{Hfootnote.5} has been referenced but does not exist
, replaced by a fixed one

pdfTeX warning (dest): name{Hfootnote.4} has been referenced but does not exist
, replaced by a fixed one

pdfTeX warning (dest): name{Hfootnote.3} has been referenced but does not exist
, replaced by a fixed one

pdfTeX warning (dest): name{Hfootnote.2} has been referenced but does not exist
, replaced by a fixed one

pdfTeX warning (dest): name{Hfootnote.1} has been referenced but does not exist
, replaced by a fixed one

{/usr/share/texlive/texmf-dist/fonts/enc/dvips/base/8r.enc}</usr/share/texlive/
texmf-dist/fonts/type1/public/amsfonts/cm/cmex10.pfb></usr/share/texlive/texmf-
dist/fonts/type1/public/amsfonts/cm/cmmi10.pfb></usr/share/texlive/texmf-dist/f
onts/type1/public/amsfonts/cm/cmr10.pfb></usr/share/texlive/texmf-dist/fonts/ty
pe1/public/amsfonts/cm/cmsy10.pfb></usr/share/texlive/texmf-dist/fonts/type1/pu
blic/amsfonts/symbols/msbm10.pfb></usr/share/texlive/texmf-dist/fonts/type1/urw
/courier/ucrr8a.pfb></usr/share/texlive/texmf-dist/fonts/type1/urw/times/utmb8a
.pfb></usr/share/texlive/texmf-dist/fonts/type1/urw/times/utmbi8a.pfb></usr/sha
re/texlive/texmf-dist/fonts/type1/urw/times/utmr8a.pfb></usr/share/texlive/texm
f-dist/fonts/type1/urw/times/utmri8a.pfb>
Output written on laporan.pdf (37 pages, 1153306 bytes).
PDF statistics:
 772 PDF objects out of 1000 (max. 8388607)
 671 compressed objects within 7 object streams
 151 named destinations out of 1000 (max. 500000)
 529 words of extra memory for PDF output out of 10000 (max. 10000000)

